Démarré par l'utilisateur Thomas FOUREST
Obtained Jenkinsfile from git git://github.com/thomasfourest/helloworldgradlepipeline.git
Running in Durability level: MAX_SURVIVABILITY
[Pipeline] node
Running on SandboxNode in /ssdprod/jenkins/sandboxNode/home/workspace/helloworldgradlepipeline
[Pipeline] {
[Pipeline] stage
[Pipeline] { (Declarative: Checkout SCM)
[Pipeline] checkout
Fetching changes from the remote Git repository
Checking out Revision a2873491079a463a70aa2c442fc96703340f1ce1 (refs/remotes/origin/master)
Commit message: "refresh log of the local commad test for build snapshot and release And prepare jenkins build snapshot pipeline"
[Pipeline] }
[Pipeline] // stage
[Pipeline] withEnv
[Pipeline] {
[Pipeline] stage
[Pipeline] { (Declarative: Tool Install)
[Pipeline] tool
[Pipeline] envVarsForTool
[Pipeline] tool
[Pipeline] envVarsForTool
[Pipeline] }
[Pipeline] // stage
[Pipeline] withEnv
[Pipeline] {
 > git rev-parse --is-inside-work-tree # timeout=10
 > git config remote.origin.url git://github.com/thomasfourest/helloworldgradlepipeline.git # timeout=10
Fetching upstream changes from git://github.com/thomasfourest/helloworldgradlepipeline.git
 > git --version # timeout=10
 > git fetch --tags --progress git://github.com/thomasfourest/helloworldgradlepipeline.git +refs/heads/*:refs/remotes/origin/*
 > git rev-parse refs/remotes/origin/master^{commit} # timeout=10
 > git rev-parse refs/remotes/origin/origin/master^{commit} # timeout=10
 > git config core.sparsecheckout # timeout=10
 > git checkout -f a2873491079a463a70aa2c442fc96703340f1ce1
 > git rev-list --no-walk 5db822296c17fc163dbbacfcf0dc05bc857daf8e # timeout=10
[Pipeline] stage
[Pipeline] { (Build and deploy)
[Pipeline] tool
[Pipeline] envVarsForTool
[Pipeline] tool
[Pipeline] envVarsForTool
[Pipeline] withEnv
[Pipeline] {
[Pipeline] sh
+ ls -al
total 144
drwxr-xr-x  7 jenkins jenkins  4096 15 mai   23:25 .
drwxr-xr-x  6 jenkins jenkins  4096 15 mai   16:15 ..
drwxr-xr-x 10 jenkins jenkins  4096 13 mai   10:54 build
-rw-r--r--  1 jenkins jenkins  7262 15 mai   23:25 build.gradle
-rw-r--r--  1 jenkins jenkins   626 13 mai   10:54 C:\tmp\log4j-application.log
drwxr-xr-x  8 jenkins jenkins  4096 15 mai   23:25 .git
-rw-r--r--  1 jenkins jenkins   103 13 mai   10:25 .gitignore
drwxr-xr-x  3 jenkins jenkins  4096 13 mai   10:25 gradle
drwxr-xr-x  5 jenkins jenkins  4096 13 mai   10:25 .gradle
-rw-r--r--  1 jenkins jenkins    70 15 mai   23:25 gradle.properties
-rw-r--r--  1 jenkins jenkins  5916 13 mai   10:25 gradlew
-rw-r--r--  1 jenkins jenkins  2841 13 mai   10:25 gradlew.bat
-rw-r--r--  1 jenkins jenkins   667 15 mai   23:25 Jenkinsfile
-rw-r--r--  1 jenkins jenkins 18285 15 mai   23:25 Jenkinsfile.log
-rw-r--r--  1 jenkins jenkins   922 15 mai   23:25 JenkinsReleaseFile
-rw-r--r--  1 jenkins jenkins 45455 15 mai   23:25 local.gradle.build.and.release.validation.bash.log
-rw-r--r--  1 jenkins jenkins    26 13 mai   10:25 README.md
-rw-r--r--  1 jenkins jenkins   373 15 mai   23:25 settings.gradle
drwxr-xr-x  4 jenkins jenkins  4096 13 mai   10:25 src
[Pipeline] echo
JAVA_HOME = /ssdprod/jenkins/sandboxNode/home/tools/hudson.model.JDK/jdk1.8.0_u144
[Pipeline] sh
+ ls -al
total 144
drwxr-xr-x  7 jenkins jenkins  4096 15 mai   23:25 .
drwxr-xr-x  6 jenkins jenkins  4096 15 mai   16:15 ..
drwxr-xr-x 10 jenkins jenkins  4096 13 mai   10:54 build
-rw-r--r--  1 jenkins jenkins  7262 15 mai   23:25 build.gradle
-rw-r--r--  1 jenkins jenkins   626 13 mai   10:54 C:\tmp\log4j-application.log
drwxr-xr-x  8 jenkins jenkins  4096 15 mai   23:25 .git
-rw-r--r--  1 jenkins jenkins   103 13 mai   10:25 .gitignore
drwxr-xr-x  3 jenkins jenkins  4096 13 mai   10:25 gradle
drwxr-xr-x  5 jenkins jenkins  4096 13 mai   10:25 .gradle
-rw-r--r--  1 jenkins jenkins    70 15 mai   23:25 gradle.properties
-rw-r--r--  1 jenkins jenkins  5916 13 mai   10:25 gradlew
-rw-r--r--  1 jenkins jenkins  2841 13 mai   10:25 gradlew.bat
-rw-r--r--  1 jenkins jenkins   667 15 mai   23:25 Jenkinsfile
-rw-r--r--  1 jenkins jenkins 18285 15 mai   23:25 Jenkinsfile.log
-rw-r--r--  1 jenkins jenkins   922 15 mai   23:25 JenkinsReleaseFile
-rw-r--r--  1 jenkins jenkins 45455 15 mai   23:25 local.gradle.build.and.release.validation.bash.log
-rw-r--r--  1 jenkins jenkins    26 13 mai   10:25 README.md
-rw-r--r--  1 jenkins jenkins   373 15 mai   23:25 settings.gradle
drwxr-xr-x  4 jenkins jenkins  4096 13 mai   10:25 src
[Pipeline] sh
+ gradle --version

------------------------------------------------------------
Gradle 5.3.1
------------------------------------------------------------

Build time:   2019-03-28 09:09:23 UTC
Revision:     f2fae6ba563cfb772c8bc35d31e43c59a5b620c3

Kotlin:       1.3.21
Groovy:       2.5.4
Ant:          Apache Ant(TM) version 1.9.13 compiled on July 10 2018
JVM:          1.8.0_144 (Oracle Corporation 25.144-b01)
OS:           Linux 3.8.13-118.17.4.el6uek.x86_64 amd64

[Pipeline] sh
+ gradle clean build publish --info
Initialized native services in: /var/lib/jenkins/.gradle/native
Removing 0 daemon stop events from registry
Starting a Gradle Daemon (subsequent builds will be faster)
Starting process 'Gradle build daemon'. Working directory: /var/lib/jenkins/.gradle/daemon/5.3.1 Command: /ssdprod/jenkins/sandboxNode/home/tools/hudson.model.JDK/jdk1.8.0_u144/bin/java -XX:MaxMetaspaceSize=256m -XX:+HeapDumpOnOutOfMemoryError -Xms256m -Xmx512m -Dfile.encoding=UTF-8 -Duser.country=FR -Duser.language=fr -Duser.variant -cp /ssdprod/jenkins/sandboxNode/home/tools/hudson.plugins.gradle.GradleInstallation/gradle_5.3.1/lib/gradle-launcher-5.3.1.jar org.gradle.launcher.daemon.bootstrap.GradleDaemon 5.3.1
Successfully started process 'Gradle build daemon'
An attempt to start the daemon took 1.029 secs.
The client will now receive all logging from the daemon (pid: 20964). The daemon log file: /var/lib/jenkins/.gradle/daemon/5.3.1/daemon-20964.out.log
Starting build in new daemon [memory: 477,6 MB]
Closing daemon's stdin at end of input.
The daemon will no longer process any standard input.
Using 24 worker leases.
Starting Build
Compiling settings file '/ssdprod/jenkins/sandboxNode/home/workspace/helloworldgradlepipeline/settings.gradle' using SubsetScriptTransformer.
Compiling settings file '/ssdprod/jenkins/sandboxNode/home/workspace/helloworldgradlepipeline/settings.gradle' using BuildScriptTransformer.
Settings evaluated using settings file '/ssdprod/jenkins/sandboxNode/home/workspace/helloworldgradlepipeline/settings.gradle'.
Projects loaded. Root project using build file '/ssdprod/jenkins/sandboxNode/home/workspace/helloworldgradlepipeline/build.gradle'.
Included projects: [root project 'helloworldgradlepipeline']

> Configure project :
Evaluating root project 'helloworldgradlepipeline' using build file '/ssdprod/jenkins/sandboxNode/home/workspace/helloworldgradlepipeline/build.gradle'.
Compiling build file '/ssdprod/jenkins/sandboxNode/home/workspace/helloworldgradlepipeline/build.gradle' using SubsetScriptTransformer.
Downloading https://plugins.gradle.org/m2/net/researchgate/release/net.researchgate.release.gradle.plugin/2.6.0/net.researchgate.release.gradle.plugin-2.6.0.pom to /tmp/gradle_download8920758362286148689bin
Resource missing. [HTTP HEAD: https://plugins.gradle.org/m2/net/researchgate/release/net.researchgate.release.gradle.plugin/2.6.0/net.researchgate.release.gradle.plugin-2.6.0.jar]
Downloading https://plugins.gradle.org/m2/ru/vyarus/pom/ru.vyarus.pom.gradle.plugin/1.3.0/ru.vyarus.pom.gradle.plugin-1.3.0.pom to /tmp/gradle_download1199536984050027255bin
Resource missing. [HTTP HEAD: https://plugins.gradle.org/m2/ru/vyarus/pom/ru.vyarus.pom.gradle.plugin/1.3.0/ru.vyarus.pom.gradle.plugin-1.3.0.jar]
Downloading https://plugins.gradle.org/m2/net/researchgate/gradle-release/2.6.0/gradle-release-2.6.0.pom to /tmp/gradle_download7267328081519069307bin
Downloading https://plugins.gradle.org/m2/ru/vyarus/gradle-pom-plugin/1.3.0/gradle-pom-plugin-1.3.0.pom to /tmp/gradle_download4070923358690624024bin
Downloading https://plugins.gradle.org/m2/ru/vyarus/gradle-pom-plugin/1.3.0/gradle-pom-plugin-1.3.0.jar to /tmp/gradle_download2594610712185477255bin
Downloading https://plugins.gradle.org/m2/net/researchgate/gradle-release/2.6.0/gradle-release-2.6.0.jar to /tmp/gradle_download2312376099642836744bin
Compiling build file '/ssdprod/jenkins/sandboxNode/home/workspace/helloworldgradlepipeline/build.gradle' using BuildScriptTransformer.
[versioning] WARNING - the working copy has unstaged or uncommitted changes.
All projects evaluated.
Selected primary task 'clean' from project :
Selected primary task 'build' from project :
Selected primary task 'publish' from project :
Tasks to be executed: [task ':clean', task ':compileJava', task ':processResources', task ':classes', task ':jar', task ':javadoc', task ':javadocJar', task ':sourcesJar', task ':assemble', task ':compileTestJava', task ':processTestResources', task ':testClasses', task ':test', task ':check', task ':build', task ':generatePomFileForApiPublication', task ':publishApiPublicationToMavenRepository', task ':publish']
:clean (Thread[Execution worker for ':' Thread 4,5,main]) started.

> Task :clean
Task ':clean' is not up-to-date because:
  Task has not declared any outputs despite executing actions.
:clean (Thread[Execution worker for ':' Thread 4,5,main]) completed. Took 0.053 secs.
:compileJava (Thread[Execution worker for ':' Thread 4,5,main]) started.

> Task :compileJava
Task ':compileJava' is not up-to-date because:
  Output property 'destinationDir' file /ssdprod/jenkins/sandboxNode/home/workspace/helloworldgradlepipeline/build/classes/java/main has been removed.
  Output property 'destinationDir' file /ssdprod/jenkins/sandboxNode/home/workspace/helloworldgradlepipeline/build/classes/java/main/com has been removed.
  Output property 'destinationDir' file /ssdprod/jenkins/sandboxNode/home/workspace/helloworldgradlepipeline/build/classes/java/main/com/devops has been removed.
All input files are considered out-of-date for incremental task ':compileJava'.
Full recompilation is required because no incremental change information is available. This is usually caused by clean builds or changing compiler arguments.
Compiling with JDK Java compiler API.
Created classpath snapshot for incremental compilation in 0.042 secs.
:compileJava (Thread[Execution worker for ':' Thread 4,5,main]) completed. Took 0.56 secs.
:processResources (Thread[Execution worker for ':' Thread 4,5,main]) started.

> Task :processResources
Task ':processResources' is not up-to-date because:
  Output property 'destinationDir' file /ssdprod/jenkins/sandboxNode/home/workspace/helloworldgradlepipeline/build/resources/main has been removed.
  Output property 'destinationDir' file /ssdprod/jenkins/sandboxNode/home/workspace/helloworldgradlepipeline/build/resources/main/log4j.properties has been removed.
:processResources (Thread[Execution worker for ':' Thread 4,5,main]) completed. Took 0.024 secs.
:classes (Thread[Execution worker for ':' Thread 4,5,main]) started.

> Task :classes
Skipping task ':classes' as it has no actions.
:classes (Thread[Execution worker for ':' Thread 4,5,main]) completed. Took 0.001 secs.
:jar (Thread[Execution worker for ':' Thread 4,5,main]) started.

> Task :jar
Task ':jar' is not up-to-date because:
  Output property 'archiveFile' file /ssdprod/jenkins/sandboxNode/home/workspace/helloworldgradlepipeline/build/libs/helloworldgradlepipeline-1.0.0-SNAPSHOT.jar has been removed.
:jar (Thread[Execution worker for ':' Thread 4,5,main]) completed. Took 0.032 secs.
:javadoc (Thread[Execution worker for ':' Thread 4,5,main]) started.

> Task :javadoc
Task ':javadoc' is not up-to-date because:
  No history is available.
Starting process 'command '/ssdprod/jenkins/sandboxNode/home/tools/hudson.model.JDK/jdk1.8.0_u144/bin/javadoc''. Working directory: /ssdprod/jenkins/sandboxNode/home/workspace/helloworldgradlepipeline Command: /ssdprod/jenkins/sandboxNode/home/tools/hudson.model.JDK/jdk1.8.0_u144/bin/javadoc @/ssdprod/jenkins/sandboxNode/home/workspace/helloworldgradlepipeline/build/tmp/javadoc/javadoc.options
Successfully started process 'command '/ssdprod/jenkins/sandboxNode/home/tools/hudson.model.JDK/jdk1.8.0_u144/bin/javadoc''
:javadoc (Thread[Execution worker for ':' Thread 4,5,main]) completed. Took 0.789 secs.
:javadocJar (Thread[Execution worker for ':' Thread 4,5,main]) started.

> Task :javadocJar
Task ':javadocJar' is not up-to-date because:
  No history is available.
:javadocJar (Thread[Execution worker for ':' Thread 4,5,main]) completed. Took 0.013 secs.
:sourcesJar (Thread[Execution worker for ':' Thread 4,5,main]) started.

> Task :sourcesJar
Task ':sourcesJar' is not up-to-date because:
  No history is available.
:sourcesJar (Thread[Execution worker for ':' Thread 4,5,main]) completed. Took 0.006 secs.
:assemble (Thread[Execution worker for ':' Thread 4,5,main]) started.

> Task :assemble
Skipping task ':assemble' as it has no actions.
:assemble (Thread[Execution worker for ':' Thread 4,5,main]) completed. Took 0.0 secs.
:compileTestJava (Thread[Execution worker for ':' Thread 4,5,main]) started.

> Task :compileTestJava
Downloading https://jcenter.bintray.com/junit/junit/maven-metadata.xml to /tmp/gradle_download5125196801540831755bin
Cached resource https://repo.maven.apache.org/maven2/junit/junit/maven-metadata.xml is up-to-date (lastModified: Sun May 05 14:57:58 CEST 2019).
Task ':compileTestJava' is not up-to-date because:
  Output property 'destinationDir' file /ssdprod/jenkins/sandboxNode/home/workspace/helloworldgradlepipeline/build/classes/java/test has been removed.
  Output property 'destinationDir' file /ssdprod/jenkins/sandboxNode/home/workspace/helloworldgradlepipeline/build/classes/java/test/com has been removed.
  Output property 'destinationDir' file /ssdprod/jenkins/sandboxNode/home/workspace/helloworldgradlepipeline/build/classes/java/test/com/devops has been removed.
All input files are considered out-of-date for incremental task ':compileTestJava'.
Full recompilation is required because no incremental change information is available. This is usually caused by clean builds or changing compiler arguments.
Compiling with JDK Java compiler API.
Created classpath snapshot for incremental compilation in 0.005 secs.
:compileTestJava (Thread[Execution worker for ':' Thread 4,5,main]) completed. Took 0.9 secs.
:processTestResources (Thread[Execution worker for ':' Thread 4,5,main]) started.

> Task :processTestResources
Task ':processTestResources' is not up-to-date because:
  Output property 'destinationDir' file /ssdprod/jenkins/sandboxNode/home/workspace/helloworldgradlepipeline/build/resources/test has been removed.
  Output property 'destinationDir' file /ssdprod/jenkins/sandboxNode/home/workspace/helloworldgradlepipeline/build/resources/test/log4j.properties has been removed.
:processTestResources (Thread[Execution worker for ':' Thread 4,5,main]) completed. Took 0.004 secs.
:testClasses (Thread[Execution worker for ':' Thread 4,5,main]) started.

> Task :testClasses
Skipping task ':testClasses' as it has no actions.
:testClasses (Thread[Execution worker for ':' Thread 4,5,main]) completed. Took 0.0 secs.
:test (Thread[Execution worker for ':',5,main]) started.
Gradle Test Executor 1 started executing tests.
Gradle Test Executor 1 finished executing tests.

> Task :test
Task ':test' is not up-to-date because:
  Output property 'binResultsDir' file /ssdprod/jenkins/sandboxNode/home/workspace/helloworldgradlepipeline/build/test-results/test/binary has been removed.
  Output property 'binResultsDir' file /ssdprod/jenkins/sandboxNode/home/workspace/helloworldgradlepipeline/build/test-results/test/binary/output.bin has been removed.
  Output property 'binResultsDir' file /ssdprod/jenkins/sandboxNode/home/workspace/helloworldgradlepipeline/build/test-results/test/binary/output.bin.idx has been removed.
Starting process 'Gradle Test Executor 1'. Working directory: /ssdprod/jenkins/sandboxNode/home/workspace/helloworldgradlepipeline Command: /ssdprod/jenkins/sandboxNode/home/tools/hudson.model.JDK/jdk1.8.0_u144/bin/java -Djava.security.manager=worker.org.gradle.process.internal.worker.child.BootstrapSecurityManager -Dorg.gradle.native=false -Xmx512m -Dfile.encoding=UTF-8 -Duser.country=FR -Duser.language=fr -Duser.variant -ea -cp /var/lib/jenkins/.gradle/caches/5.3.1/workerMain/gradle-worker.jar worker.org.gradle.process.internal.worker.GradleWorkerMain 'Gradle Test Executor 1'
Successfully started process 'Gradle Test Executor 1'

com.devops.MyHelloTest > testRunMe STANDARD_OUT
    2019-05-15 23:25:20 DEBUG MyHello:22 - This is debug : Hello
    2019-05-15 23:25:20 INFO  MyHello:26 - This is info : Hello
    2019-05-15 23:25:20 WARN  MyHello:29 - This is warn : Hello
    2019-05-15 23:25:20 ERROR MyHello:30 - This is fake error : Hello
    2019-05-15 23:25:20 FATAL MyHello:31 - This is fake fatal : Hello
Finished generating test XML results (0.01 secs) into: /ssdprod/jenkins/sandboxNode/home/workspace/helloworldgradlepipeline/build/test-results/test
Generating HTML test report...
Finished generating test html results (0.021 secs) into: /ssdprod/jenkins/sandboxNode/home/workspace/helloworldgradlepipeline/build/reports/tests/test
:test (Thread[Execution worker for ':',5,main]) completed. Took 0.711 secs.
:check (Thread[Execution worker for ':',5,main]) started.

> Task :check
Skipping task ':check' as it has no actions.
:check (Thread[Execution worker for ':',5,main]) completed. Took 0.0 secs.
:build (Thread[Execution worker for ':' Thread 20,5,main]) started.

> Task :build
Skipping task ':build' as it has no actions.
:build (Thread[Execution worker for ':' Thread 20,5,main]) completed. Took 0.0 secs.
:generatePomFileForApiPublication (Thread[Execution worker for ':' Thread 20,5,main]) started.

> Task :generatePomFileForApiPublication
Task ':generatePomFileForApiPublication' is not up-to-date because:
  Task.upToDateWhen is false.
:generatePomFileForApiPublication (Thread[Execution worker for ':' Thread 20,5,main]) completed. Took 0.343 secs.
:publishApiPublicationToMavenRepository (Thread[Execution worker for ':' Thread 20,5,main]) started.

> Task :publishApiPublicationToMavenRepository
Task ':publishApiPublicationToMavenRepository' is not up-to-date because:
  Task has not declared any outputs despite executing actions.
Publishing to repository 'maven' (http://7kwdf02/nexus/content/repositories/repoIndustrialisationSnapshot/)
Deploying to http://7kwdf02/nexus/content/repositories/repoIndustrialisationSnapshot/
Downloading: com/devops/helloworldgradlepipeline/1.0.10-SNAPSHOT/maven-metadata.xml from repository remote at http://7kwdf02/nexus/content/repositories/repoIndustrialisationSnapshot/
Resource missing. [HTTP GET: http://7kwdf02/nexus/content/repositories/repoIndustrialisationSnapshot/com/devops/helloworldgradlepipeline/1.0.10-SNAPSHOT/maven-metadata.xml]
Could not find metadata com.devops:helloworldgradlepipeline:1.0.10-SNAPSHOT/maven-metadata.xml in remote (http://7kwdf02/nexus/content/repositories/repoIndustrialisationSnapshot/)
Uploading: com/devops/helloworldgradlepipeline/1.0.10-SNAPSHOT/helloworldgradlepipeline-1.0.10-20190515.212521-1.jar to repository remote at http://7kwdf02/nexus/content/repositories/repoIndustrialisationSnapshot/
Uploading: com/devops/helloworldgradlepipeline/1.0.10-SNAPSHOT/helloworldgradlepipeline-1.0.10-20190515.212521-1.pom to repository remote at http://7kwdf02/nexus/content/repositories/repoIndustrialisationSnapshot/
Uploading: com/devops/helloworldgradlepipeline/1.0.10-SNAPSHOT/helloworldgradlepipeline-1.0.10-20190515.212521-1-sources.jar to repository remote at http://7kwdf02/nexus/content/repositories/repoIndustrialisationSnapshot/
Uploading: com/devops/helloworldgradlepipeline/1.0.10-SNAPSHOT/helloworldgradlepipeline-1.0.10-20190515.212521-1-javadoc.jar to repository remote at http://7kwdf02/nexus/content/repositories/repoIndustrialisationSnapshot/
Downloading: com/devops/helloworldgradlepipeline/maven-metadata.xml from repository remote at http://7kwdf02/nexus/content/repositories/repoIndustrialisationSnapshot/
Uploading: com/devops/helloworldgradlepipeline/1.0.10-SNAPSHOT/maven-metadata.xml to repository remote at http://7kwdf02/nexus/content/repositories/repoIndustrialisationSnapshot/
Uploading: com/devops/helloworldgradlepipeline/maven-metadata.xml to repository remote at http://7kwdf02/nexus/content/repositories/repoIndustrialisationSnapshot/
:publishApiPublicationToMavenRepository (Thread[Execution worker for ':' Thread 20,5,main]) completed. Took 1.104 secs.
:publish (Thread[Execution worker for ':' Thread 20,5,main]) started.

> Task :publish
Skipping task ':publish' as it has no actions.
:publish (Thread[Execution worker for ':' Thread 20,5,main]) completed. Took 0.0 secs.

BUILD SUCCESSFUL in 18s
12 actionable tasks: 12 executed
VCS Checkout Cache (/ssdprod/jenkins/sandboxNode/home/workspace/helloworldgradlepipeline/.gradle/vcs-1) removing files not accessed on or after Wed May 08 23:25:07 CEST 2019.
VCS Checkout Cache (/ssdprod/jenkins/sandboxNode/home/workspace/helloworldgradlepipeline/.gradle/vcs-1) cleaned up in 0.003 secs.
[Pipeline] }
[Pipeline] // withEnv
[Pipeline] }
[Pipeline] // stage
[Pipeline] }
[Pipeline] // withEnv
[Pipeline] }
[Pipeline] // withEnv
[Pipeline] }
[Pipeline] // node
[Pipeline] End of Pipeline
Finished: SUCCESS